<?xml version="1.0" encoding="UTF-8"?>
<!-- Generated by org.testng.reporters.JUnitReportReporter -->
<testsuite skipped="0" hostname="DESKTOP-8SE8GSP" name="com.testng.practice.LoginTest" tests="1" failures="0" timestamp="05 Apr 2020 10:20:54 GMT" time="11.915" errors="0">
  <testcase name="enterValidUserNamePassword1" time="11.915" classname="com.testng.practice.LoginTest"/>
</testsuite> <!-- com.testng.practice.LoginTest -->
