<?xml version="1.0" encoding="UTF-8"?>
<!-- Generated by org.testng.reporters.JUnitReportReporter -->
<testsuite skipped="0" hostname="DESKTOP-8SE8GSP" name="com.testng.practice.GoupsInTestNG" tests="5" failures="0" timestamp="29 Apr 2020 14:18:49 GMT" time="0.065" errors="0">
  <testcase name="goTOContacts" time="0.004" classname="com.testng.practice.GoupsInTestNG"/>
  <testcase name="logOut" time="0.004" classname="com.testng.practice.GoupsInTestNG"/>
  <testcase name="addContact" time="0.045" classname="com.testng.practice.GoupsInTestNG"/>
  <testcase name="login" time="0.003" classname="com.testng.practice.GoupsInTestNG"/>
  <testcase name="verifyHomePage" time="0.009" classname="com.testng.practice.GoupsInTestNG"/>
</testsuite> <!-- com.testng.practice.GoupsInTestNG -->
