<?xml version="1.0" encoding="UTF-8"?>
<!-- Generated by org.testng.reporters.JUnitReportReporter -->
<testsuite skipped="0" hostname="DESKTOP-8SE8GSP" name="com.testng.practice.TestNgPractice" tests="1" failures="0" timestamp="02 Apr 2020 13:31:48 GMT" time="0.119" errors="0">
  <testcase name="verifyTitle" time="0.119" classname="com.testng.practice.TestNgPractice"/>
</testsuite> <!-- com.testng.practice.TestNgPractice -->
