<?xml version="1.0" encoding="UTF-8"?>
<!-- Generated by org.testng.reporters.JUnitReportReporter -->
<testsuite skipped="1" hostname="DESKTOP-8SE8GSP" name="com.testng.practice.EnableAndExpectedException" tests="2" failures="0" timestamp="29 Apr 2020 17:30:36 GMT" time="0.050" errors="0">
  <testcase name="division" time="0.050" classname="com.testng.practice.EnableAndExpectedException"/>
  <testcase name="loginGmail" classname="com.testng.practice.EnableAndExpectedException">
    <skipped/>
  </testcase> <!-- loginGmail -->
</testsuite> <!-- com.testng.practice.EnableAndExpectedException -->
